<?xml version="1.0" encoding="UTF-8"?>
<!-- Generated by org.testng.reporters.JUnitReportReporter -->
<testsuite hostname="DESKTOP-599LQHU" failures="0" tests="1" name="tests.BaseClass" time="0.123" errors="0" timestamp="2020-10-31T17:37:21 IST" skipped="0">
  <testcase classname="tests.BaseClass" name="mobiletest" time="0.123"/>
  <system-out/>
</testsuite> <!-- tests.BaseClass -->
