<?xml version="1.0" encoding="UTF-8"?>
<!-- Generated by org.testng.reporters.JUnitReportReporter -->
<testsuite hostname="DESKTOP-599LQHU" failures="0" tests="2" name="tests.TestAmazon" time="12.928" errors="0" timestamp="2020-11-06T18:52:30 IST" skipped="0">
  <testcase classname="tests.TestAmazon" name="mobiletest" time="0.039"/>
  <system-out/>
  <testcase classname="tests.TestAmazon" name="shoppingTV" time="12.889"/>
  <system-out/>
</testsuite> <!-- tests.TestAmazon -->
